<?xml version="1.0" encoding="UTF-8"?>
<testng-results skipped="0" failed="0" total="11" passed="11">
  <reporter-output>
  </reporter-output>
  <suite name="Default suite" duration-ms="157" started-at="2016-03-11T10:12:42Z" finished-at="2016-03-11T10:12:42Z">
    <groups>
    </groups>
    <test name="Default test" duration-ms="157" started-at="2016-03-11T10:12:42Z" finished-at="2016-03-11T10:12:42Z">
      <class name="com.revolut.unit.TestBankClass">
        <test-method status="PASS" signature="populateBank()[pri:0, instance:com.revolut.unit.TestBankClass@71f2a7d5]" test-instance-name="" name="populateBank" is-config="true" duration-ms="81" started-at="2016-03-11T10:12:42Z" finished-at="2016-03-11T10:12:42Z">
          <reporter-output>
          </reporter-output>
        </test-method> <!-- populateBank -->
        <test-method status="PASS" signature="checkException()[pri:0, instance:com.revolut.unit.TestBankClass@71f2a7d5]" test-instance-name="" name="checkException" duration-ms="6" started-at="2016-03-11T10:12:42Z" finished-at="2016-03-11T10:12:42Z">
          <exception class="com.revolut.easyrest.exception.BankException">
            <message>
              <![CDATA[sender account not present]]>
            </message>
            <full-stacktrace>
              <![CDATA[com.revolut.easyrest.exception.BankException: sender account not present
	at com.revolut.easyrest.Bank.transfer(Bank.java:40)
	at com.revolut.unit.TestBankClass.checkException(TestBankClass.java:41)
	at sun.reflect.NativeMethodAccessorImpl.invoke0(Native Method)
	at sun.reflect.NativeMethodAccessorImpl.invoke(NativeMethodAccessorImpl.java:62)
	at sun.reflect.DelegatingMethodAccessorImpl.invoke(DelegatingMethodAccessorImpl.java:43)
	at java.lang.reflect.Method.invoke(Method.java:497)
	at org.testng.internal.MethodInvocationHelper.invokeMethod(MethodInvocationHelper.java:86)
	at org.testng.internal.Invoker.invokeMethod(Invoker.java:643)
	at org.testng.internal.Invoker.invokeTestMethod(Invoker.java:820)
	at org.testng.internal.Invoker.invokeTestMethods(Invoker.java:1128)
	at org.testng.internal.TestMethodWorker.invokeTestMethods(TestMethodWorker.java:129)
	at org.testng.internal.TestMethodWorker.run(TestMethodWorker.java:112)
	at org.testng.TestRunner.privateRun(TestRunner.java:782)
	at org.testng.TestRunner.run(TestRunner.java:632)
	at org.testng.SuiteRunner.runTest(SuiteRunner.java:366)
	at org.testng.SuiteRunner.runSequentially(SuiteRunner.java:361)
	at org.testng.SuiteRunner.privateRun(SuiteRunner.java:319)
	at org.testng.SuiteRunner.run(SuiteRunner.java:268)
	at org.testng.SuiteRunnerWorker.runSuite(SuiteRunnerWorker.java:52)
	at org.testng.SuiteRunnerWorker.run(SuiteRunnerWorker.java:86)
	at org.testng.TestNG.runSuitesSequentially(TestNG.java:1244)
	at org.testng.TestNG.runSuitesLocally(TestNG.java:1169)
	at org.testng.TestNG.run(TestNG.java:1064)
	at org.testng.remote.RemoteTestNG.run(RemoteTestNG.java:113)
	at org.testng.remote.RemoteTestNG.initAndRun(RemoteTestNG.java:206)
	at org.testng.remote.RemoteTestNG.main(RemoteTestNG.java:177)
]]>
            </full-stacktrace>
          </exception> <!-- com.revolut.easyrest.exception.BankException -->
          <reporter-output>
          </reporter-output>
        </test-method> <!-- checkException -->
        <test-method status="PASS" signature="interation()[pri:0, instance:com.revolut.unit.TestBankClass@71f2a7d5]" name="interation" duration-ms="4" started-at="2016-03-11T10:12:42Z" finished-at="2016-03-11T10:12:42Z">
          <reporter-output>
          </reporter-output>
        </test-method> <!-- interation -->
        <test-method status="PASS" signature="interation()[pri:0, instance:com.revolut.unit.TestBankClass@71f2a7d5]" name="interation" duration-ms="9" started-at="2016-03-11T10:12:42Z" finished-at="2016-03-11T10:12:42Z">
          <reporter-output>
          </reporter-output>
        </test-method> <!-- interation -->
        <test-method status="PASS" signature="interation()[pri:0, instance:com.revolut.unit.TestBankClass@71f2a7d5]" name="interation" duration-ms="11" started-at="2016-03-11T10:12:42Z" finished-at="2016-03-11T10:12:42Z">
          <reporter-output>
          </reporter-output>
        </test-method> <!-- interation -->
        <test-method status="PASS" signature="interation()[pri:0, instance:com.revolut.unit.TestBankClass@71f2a7d5]" name="interation" duration-ms="1" started-at="2016-03-11T10:12:42Z" finished-at="2016-03-11T10:12:42Z">
          <reporter-output>
          </reporter-output>
        </test-method> <!-- interation -->
        <test-method status="PASS" signature="interation()[pri:0, instance:com.revolut.unit.TestBankClass@71f2a7d5]" name="interation" duration-ms="1" started-at="2016-03-11T10:12:42Z" finished-at="2016-03-11T10:12:42Z">
          <reporter-output>
          </reporter-output>
        </test-method> <!-- interation -->
        <test-method status="PASS" signature="interation()[pri:0, instance:com.revolut.unit.TestBankClass@71f2a7d5]" name="interation" duration-ms="1" started-at="2016-03-11T10:12:42Z" finished-at="2016-03-11T10:12:42Z">
          <reporter-output>
          </reporter-output>
        </test-method> <!-- interation -->
        <test-method status="PASS" signature="interation()[pri:0, instance:com.revolut.unit.TestBankClass@71f2a7d5]" name="interation" duration-ms="1" started-at="2016-03-11T10:12:42Z" finished-at="2016-03-11T10:12:42Z">
          <reporter-output>
          </reporter-output>
        </test-method> <!-- interation -->
        <test-method status="PASS" signature="interation()[pri:0, instance:com.revolut.unit.TestBankClass@71f2a7d5]" name="interation" duration-ms="2" started-at="2016-03-11T10:12:42Z" finished-at="2016-03-11T10:12:42Z">
          <reporter-output>
          </reporter-output>
        </test-method> <!-- interation -->
        <test-method status="PASS" signature="interation()[pri:0, instance:com.revolut.unit.TestBankClass@71f2a7d5]" name="interation" duration-ms="1" started-at="2016-03-11T10:12:42Z" finished-at="2016-03-11T10:12:42Z">
          <reporter-output>
          </reporter-output>
        </test-method> <!-- interation -->
        <test-method status="PASS" signature="interation()[pri:0, instance:com.revolut.unit.TestBankClass@71f2a7d5]" name="interation" duration-ms="1" started-at="2016-03-11T10:12:42Z" finished-at="2016-03-11T10:12:42Z">
          <reporter-output>
          </reporter-output>
        </test-method> <!-- interation -->
        <test-method status="PASS" signature="checkFinalBalances()[pri:0, instance:com.revolut.unit.TestBankClass@71f2a7d5]" test-instance-name="" name="checkFinalBalances" is-config="true" duration-ms="12" started-at="2016-03-11T10:12:42Z" finished-at="2016-03-11T10:12:42Z">
          <reporter-output>
          </reporter-output>
        </test-method> <!-- checkFinalBalances -->
      </class> <!-- com.revolut.unit.TestBankClass -->
    </test> <!-- Default test -->
  </suite> <!-- Default suite -->
</testng-results>
